<?xml version="1.0" encoding="UTF-8"?>
<!-- Generated by org.testng.reporters.JUnitReportReporter -->
<testsuite hostname="SD-201704251531" name="com.TestngDemo001.test.ExtentReportDemo001" tests="2" failures="0" timestamp="22 Jun 2017 06:28:43 GMT" time="0.220" errors="0">
  <testcase name="testCase2" time="0.030" classname="com.TestngDemo001.test.ExtentReportDemo001"/>
  <testcase name="testCase1" time="0.190" classname="com.TestngDemo001.test.ExtentReportDemo001"/>
</testsuite> <!-- com.TestngDemo001.test.ExtentReportDemo001 -->
