<?xml version="1.0" encoding="UTF-8"?>
<!-- Generated by org.testng.reporters.JUnitReportReporter -->
<testsuite hostname="SD-201704251531" name="com.TestngDemo001.test.LoginTest" tests="11" failures="0" timestamp="10 Jul 2017 10:03:47 GMT" time="174.527" errors="0">
  <testcase name="testLuckWheelRecords" time="17.224" classname="com.TestngDemo001.test.LoginTest"/>
  <testcase name="testLuckWheelRecords" time="2.349" classname="com.TestngDemo001.test.LoginTest"/>
  <testcase name="testLuckWheelRecords" time="5.855" classname="com.TestngDemo001.test.LoginTest"/>
  <testcase name="testLuckWheelRecords" time="21.220" classname="com.TestngDemo001.test.LoginTest"/>
  <testcase name="testLuckWheelRecords" time="5.669" classname="com.TestngDemo001.test.LoginTest"/>
  <testcase name="testLuckWheelRecords" time="9.421" classname="com.TestngDemo001.test.LoginTest"/>
  <testcase name="testloginByProviderData" time="7.274" classname="com.TestngDemo001.test.LoginTest"/>
  <testcase name="testLuckWheelRecords" time="13.685" classname="com.TestngDemo001.test.LoginTest"/>
  <testcase name="testLuckWheelRecords" time="9.123" classname="com.TestngDemo001.test.LoginTest"/>
  <testcase name="testLuckWheelRecords" time="6.660" classname="com.TestngDemo001.test.LoginTest"/>
  <testcase name="testLuckWheelRecords" time="76.047" classname="com.TestngDemo001.test.LoginTest"/>
</testsuite> <!-- com.TestngDemo001.test.LoginTest -->
