<?xml version="1.0" encoding="UTF-8"?>
<!-- Generated by org.testng.reporters.JUnitReportReporter -->
<testsuite hostname="SD-201704251531" name="com.TestngDemo001.test.TestngDemo001" tests="1" failures="0" timestamp="16 May 2017 10:53:32 GMT" time="0.019" errors="0">
  <testcase name="testReadJsonFile" time="0.019" classname="com.TestngDemo001.test.TestngDemo001"/>
</testsuite> <!-- com.TestngDemo001.test.TestngDemo001 -->
