<?xml version="1.0" encoding="UTF-8"?>
<!-- Generated by org.testng.reporters.JUnitReportReporter -->
<testsuite hostname="SD-201704251531" name="com.TestngDemo001.test.ExtendsReportDemo" tests="2" failures="0" timestamp="5 Jun 2017 10:28:13 GMT" time="0.231" errors="0">
  <testcase name="testCase2" time="0.032" classname="com.TestngDemo001.test.ExtendsReportDemo"/>
  <testcase name="testCase1" time="0.199" classname="com.TestngDemo001.test.ExtendsReportDemo"/>
</testsuite> <!-- com.TestngDemo001.test.ExtendsReportDemo -->
